<?xml version="1.0" encoding="UTF-8"?>
<!-- Generated by org.testng.reporters.JUnitReportReporter -->
<testsuite hostname="Atharv" failures="0" tests="1" name="test.Orbitz_test" time="68.536" errors="0" timestamp="2024-02-05T11:07:11 IST" skipped="0">
  <testcase classname="test.Orbitz_test" name="test" time="68.536"/>
  <system-out/>
</testsuite> <!-- test.Orbitz_test -->
